<?xml version="1.0" encoding="UTF-8"?>
<Site BuildName="(empty)"
	BuildStamp="20241028-1835-Experimental"
	Name="(empty)"
	Generator="ctest-3.29.8"
	CompilerName=""
	CompilerVersion=""
	OSName="Windows"
	Hostname="LAPTOP-BN1823BV"
	OSRelease=" Personal"
	OSVersion=" (Build 26100)"
	OSPlatform="AMD64"
	Is64Bits="1"
	VendorString="GenuineIntel"
	VendorID="Intel Corporation"
	FamilyID="6"
	ModelID="12"
	ProcessorCacheSize="-1"
	NumberOfLogicalCPU="8"
	NumberOfPhysicalCPU="4"
	TotalVirtualMemory="20659"
	TotalPhysicalMemory="7859"
	LogicalProcessorsPerPhysical="2"
	ProcessorClockFrequency="2419"
	>
	<Testing>
		<StartDateTime>Oct 28 13:37 Central Daylight Time</StartDateTime>
		<StartTestTime>1730140648</StartTestTime>
		<TestList/>
		<EndDateTime>Oct 28 13:37 Central Daylight Time</EndDateTime>
		<EndTestTime>1730140648</EndTestTime>
		<ElapsedMinutes>0</ElapsedMinutes>
	</Testing>
</Site>
